<?xml version="1.0" encoding="UTF-8"?>
<testng-results skipped="0" failed="0" ignored="0" total="2" passed="2">
  <reporter-output>
  </reporter-output>
  <suite name="Ecommerce" duration-ms="57031" started-at="2021-03-30T11:16:44Z" finished-at="2021-03-30T11:17:41Z">
    <groups>
    </groups>
    <test name="TC_LoginTest_001" duration-ms="19970" started-at="2021-03-30T11:16:44Z" finished-at="2021-03-30T11:17:04Z">
      <class name="com.Ecommerce.testCases.TC_LoginTest_001">
        <test-method status="PASS" signature="setup(java.lang.String)[pri:0, instance:com.Ecommerce.testCases.TC_LoginTest_001@35cabb2a]" name="setup" is-config="true" duration-ms="3503" started-at="2021-03-30T11:16:44Z" finished-at="2021-03-30T11:16:47Z">
          <params>
            <param index="0">
              <value>
                <![CDATA[Chrome]]>
              </value>
            </param>
          </params>
          <reporter-output>
          </reporter-output>
        </test-method> <!-- setup -->
        <test-method status="PASS" signature="loginTest()[pri:0, instance:com.Ecommerce.testCases.TC_LoginTest_001@35cabb2a]" name="loginTest" duration-ms="15726" started-at="2021-03-30T11:16:47Z" finished-at="2021-03-30T11:17:03Z">
          <reporter-output>
          </reporter-output>
        </test-method> <!-- loginTest -->
        <test-method status="PASS" signature="tearDown()[pri:0, instance:com.Ecommerce.testCases.TC_LoginTest_001@35cabb2a]" name="tearDown" is-config="true" duration-ms="563" started-at="2021-03-30T11:17:03Z" finished-at="2021-03-30T11:17:04Z">
          <reporter-output>
          </reporter-output>
        </test-method> <!-- tearDown -->
      </class> <!-- com.Ecommerce.testCases.TC_LoginTest_001 -->
    </test> <!-- TC_LoginTest_001 -->
    <test name="TC_AddCustomerTest_003" duration-ms="36514" started-at="2021-03-30T11:17:04Z" finished-at="2021-03-30T11:17:41Z">
      <class name="com.Ecommerce.testCases.TC_AddCustomerTest_003">
        <test-method status="PASS" signature="setup(java.lang.String)[pri:0, instance:com.Ecommerce.testCases.TC_AddCustomerTest_003@67c27493]" name="setup" is-config="true" duration-ms="2064" started-at="2021-03-30T11:17:04Z" finished-at="2021-03-30T11:17:06Z">
          <params>
            <param index="0">
              <value>
                <![CDATA[Chrome]]>
              </value>
            </param>
          </params>
          <reporter-output>
          </reporter-output>
        </test-method> <!-- setup -->
        <test-method status="PASS" signature="addNewCustomer()[pri:0, instance:com.Ecommerce.testCases.TC_AddCustomerTest_003@67c27493]" name="addNewCustomer" duration-ms="33928" started-at="2021-03-30T11:17:06Z" finished-at="2021-03-30T11:17:40Z">
          <reporter-output>
          </reporter-output>
        </test-method> <!-- addNewCustomer -->
        <test-method status="PASS" signature="tearDown()[pri:0, instance:com.Ecommerce.testCases.TC_AddCustomerTest_003@67c27493]" name="tearDown" is-config="true" duration-ms="517" started-at="2021-03-30T11:17:40Z" finished-at="2021-03-30T11:17:41Z">
          <reporter-output>
          </reporter-output>
        </test-method> <!-- tearDown -->
      </class> <!-- com.Ecommerce.testCases.TC_AddCustomerTest_003 -->
    </test> <!-- TC_AddCustomerTest_003 -->
  </suite> <!-- Ecommerce -->
</testng-results>
